<?xml version="1.0" encoding="UTF-8"?>
<!-- Generated by org.testng.reporters.JUnitReportReporter -->
<testsuite skipped="0" hostname="DESKTOP-C80RHKH" name="Practice.pageobject.Testcases" tests="4" failures="0" timestamp="2021-02-04T17:39:31 IST" time="6.798" errors="0">
  <testcase name="OnlyUsernameEntered" time="2.119" classname="Practice.pageobject.Testcases"/>
  <system-out/>
  <testcase name="invalidCredetialsLogin" time="2.211" classname="Practice.pageobject.Testcases"/>
  <system-out/>
  <testcase name="Blanklogin" time="0.146" classname="Practice.pageobject.Testcases"/>
  <system-out/>
  <testcase name="OnlypasswordEntered" time="2.322" classname="Practice.pageobject.Testcases"/>
  <system-out/>
</testsuite> <!-- Practice.pageobject.Testcases -->
