<?xml version="1.0" encoding="UTF-8"?>
<!-- Generated by org.testng.reporters.JUnitReportReporter -->
<testsuite skipped="0" hostname="DESKTOP-C80RHKH" name="Practice.pageobject.Loginpage" tests="1" failures="0" timestamp="2021-02-04T11:20:44 IST" time="0.017" errors="0">
  <testcase name="demo" time="0.017" classname="Practice.pageobject.Loginpage"/>
  <system-out/>
</testsuite> <!-- Practice.pageobject.Loginpage -->
